# JRE version: OpenJDK Runtime Environment (8.0_212-b04) (build 1.8.0_212-release-1586-b04)
# Java VM: OpenJDK 64-Bit Server VM (25.212-b04 mixed mode windows-amd64 compressed oops)
Heap:
 PSYoungGen      total 326656K, used 127434K [0x00000000e0000000, 0x00000000f8c00000, 0x0000000100000000)
  eden space 281600K, 30% used [0x00000000e0000000,0x00000000e52dc430,0x00000000f1300000)
  from space 45056K, 94% used [0x00000000f1300000,0x00000000f3c96680,0x00000000f3f00000)
  to   space 48640K, 0% used [0x00000000f5c80000,0x00000000f5c80000,0x00000000f8c00000)
 ParOldGen       total 165888K, used 99969K [0x00000000a0000000, 0x00000000aa200000, 0x00000000e0000000)
  object space 165888K, 60% used [0x00000000a0000000,0x00000000a61a0560,0x00000000aa200000)
 Metaspace       used 127671K, capacity 134440K, committed 134528K, reserved 1165312K
  class space    used 16354K, capacity 17767K, committed 17792K, reserved 1048576K
GC Heap History (10 events):
Event: 3831.996 GC heap before
{Heap before GC invocations=27 (full 4):
 PSYoungGen      total 293376K, used 283099K [0x00000000e0000000, 0x00000000f4180000, 0x0000000100000000)
  eden space 259584K, 100% used [0x00000000e0000000,0x00000000efd80000,0x00000000efd80000)
  from space 33792K, 69% used [0x00000000f2000000,0x00000000f36f6d90,0x00000000f4100000)
  to   space 34816K, 0% used [0x00000000efd80000,0x00000000efd80000,0x00000000f1f80000)
 ParOldGen       total 165888K, used 68714K [0x00000000a0000000, 0x00000000aa200000, 0x00000000e0000000)
  object space 165888K, 41% used [0x00000000a0000000,0x00000000a431a980,0x00000000aa200000)
 Metaspace       used 109387K, capacity 114596K, committed 114688K, reserved 1148928K
  class space    used 13937K, capacity 15097K, committed 15104K, reserved 1048576K
Event: 3832.127 GC heap after
Heap after GC invocations=27 (full 4):
 PSYoungGen      total 294400K, used 33088K [0x00000000e0000000, 0x00000000f6500000, 0x0000000100000000)
  eden space 259584K, 0% used [0x00000000e0000000,0x00000000e0000000,0x00000000efd80000)
  from space 34816K, 95% used [0x00000000efd80000,0x00000000f1dd03b0,0x00000000f1f80000)
  to   space 38912K, 0% used [0x00000000f3f00000,0x00000000f3f00000,0x00000000f6500000)
 ParOldGen       total 165888K, used 68722K [0x00000000a0000000, 0x00000000aa200000, 0x00000000e0000000)
  object space 165888K, 41% used [0x00000000a0000000,0x00000000a431c980,0x00000000aa200000)
 Metaspace       used 109387K, capacity 114596K, committed 114688K, reserved 1148928K
  class space    used 13937K, capacity 15097K, committed 15104K, reserved 1048576K
}
Event: 3837.557 GC heap before
{Heap before GC invocations=28 (full 4):
 PSYoungGen      total 294400K, used 292672K [0x00000000e0000000, 0x00000000f6500000, 0x0000000100000000)
  eden space 259584K, 100% used [0x00000000e0000000,0x00000000efd80000,0x00000000efd80000)
  from space 34816K, 95% used [0x00000000efd80000,0x00000000f1dd03b0,0x00000000f1f80000)
  to   space 38912K, 0% used [0x00000000f3f00000,0x00000000f3f00000,0x00000000f6500000)
 ParOldGen       total 165888K, used 68722K [0x00000000a0000000, 0x00000000aa200000, 0x00000000e0000000)
  object space 165888K, 41% used [0x00000000a0000000,0x00000000a431c980,0x00000000aa200000)
 Metaspace       used 123279K, capacity 129570K, committed 129792K, reserved 1161216K
  class space    used 15806K, capacity 17134K, committed 17152K, reserved 1048576K
Event: 3837.636 GC heap after
Heap after GC invocations=28 (full 4):
 PSYoungGen      total 320512K, used 38911K [0x00000000e0000000, 0x00000000f7380000, 0x0000000100000000)
  eden space 281600K, 0% used [0x00000000e0000000,0x00000000e0000000,0x00000000f1300000)
  from space 38912K, 99% used [0x00000000f3f00000,0x00000000f64fff88,0x00000000f6500000)
  to   space 45056K, 0% used [0x00000000f1300000,0x00000000f1300000,0x00000000f3f00000)
 ParOldGen       total 165888K, used 69790K [0x00000000a0000000, 0x00000000aa200000, 0x00000000e0000000)
  object space 165888K, 42% used [0x00000000a0000000,0x00000000a4427990,0x00000000aa200000)
 Metaspace       used 123279K, capacity 129570K, committed 129792K, reserved 1161216K
  class space    used 15806K, capacity 17134K, committed 17152K, reserved 1048576K
}
Event: 3841.272 GC heap before
{Heap before GC invocations=29 (full 4):
 PSYoungGen      total 320512K, used 320511K [0x00000000e0000000, 0x00000000f7380000, 0x0000000100000000)
  eden space 281600K, 100% used [0x00000000e0000000,0x00000000f1300000,0x00000000f1300000)
  from space 38912K, 99% used [0x00000000f3f00000,0x00000000f64fff88,0x00000000f6500000)
  to   space 45056K, 0% used [0x00000000f1300000,0x00000000f1300000,0x00000000f3f00000)
 ParOldGen       total 165888K, used 69790K [0x00000000a0000000, 0x00000000aa200000, 0x00000000e0000000)
  object space 165888K, 42% used [0x00000000a0000000,0x00000000a4427990,0x00000000aa200000)
 Metaspace       used 125024K, capacity 131420K, committed 131584K, reserved 1163264K
  class space    used 16008K, capacity 17369K, committed 17408K, reserved 1048576K
Event: 3841.331 GC heap after
Heap after GC invocations=29 (full 4):
 PSYoungGen      total 326656K, used 36031K [0x00000000e0000000, 0x00000000f8c00000, 0x0000000100000000)
  eden space 281600K, 0% used [0x00000000e0000000,0x00000000e0000000,0x00000000f1300000)
  from space 45056K, 79% used [0x00000000f1300000,0x00000000f362ffc8,0x00000000f3f00000)
  to   space 48640K, 0% used [0x00000000f5c80000,0x00000000f5c80000,0x00000000f8c00000)
 ParOldGen       total 165888K, used 69806K [0x00000000a0000000, 0x00000000aa200000, 0x00000000e0000000)
  object space 165888K, 42% used [0x00000000a0000000,0x00000000a442b990,0x00000000aa200000)
 Metaspace       used 125024K, capacity 131420K, committed 131584K, reserved 1163264K
  class space    used 16008K, capacity 17369K, committed 17408K, reserved 1048576K
}
Event: 3844.431 GC heap before
{Heap before GC invocations=30 (full 4):
 PSYoungGen      total 326656K, used 312894K [0x00000000e0000000, 0x00000000f8c00000, 0x0000000100000000)
  eden space 281600K, 98% used [0x00000000e0000000,0x00000000f0e5f9d0,0x00000000f1300000)
  from space 45056K, 79% used [0x00000000f1300000,0x00000000f362ffc8,0x00000000f3f00000)
  to   space 48640K, 0% used [0x00000000f5c80000,0x00000000f5c80000,0x00000000f8c00000)
 ParOldGen       total 165888K, used 69806K [0x00000000a0000000, 0x00000000aa200000, 0x00000000e0000000)
  object space 165888K, 42% used [0x00000000a0000000,0x00000000a442b990,0x00000000aa200000)
 Metaspace       used 126026K, capacity 132546K, committed 132736K, reserved 1165312K
  class space    used 16100K, capacity 17460K, committed 17536K, reserved 1048576K
Event: 3844.541 GC heap after
Heap after GC invocations=30 (full 4):
 PSYoungGen      total 330240K, used 48614K [0x00000000e0000000, 0x00000000f8c00000, 0x0000000100000000)
  eden space 281600K, 0% used [0x00000000e0000000,0x00000000e0000000,0x00000000f1300000)
  from space 48640K, 99% used [0x00000000f5c80000,0x00000000f8bf9908,0x00000000f8c00000)
  to   space 45056K, 0% used [0x00000000f1300000,0x00000000f1300000,0x00000000f3f00000)
 ParOldGen       total 165888K, used 99961K [0x00000000a0000000, 0x00000000aa200000, 0x00000000e0000000)
  object space 165888K, 60% used [0x00000000a0000000,0x00000000a619e560,0x00000000aa200000)
 Metaspace       used 126026K, capacity 132546K, committed 132736K, reserved 1165312K
  class space    used 16100K, capacity 17460K, committed 17536K, reserved 1048576K
}
Event: 4132.587 GC heap before
{Heap before GC invocations=31 (full 4):
 PSYoungGen      total 330240K, used 330213K [0x00000000e0000000, 0x00000000f8c00000, 0x0000000100000000)
  eden space 281600K, 99% used [0x00000000e0000000,0x00000000f12ffbb8,0x00000000f1300000)
  from space 48640K, 99% used [0x00000000f5c80000,0x00000000f8bf9908,0x00000000f8c00000)
  to   space 45056K, 0% used [0x00000000f1300000,0x00000000f1300000,0x00000000f3f00000)
 ParOldGen       total 165888K, used 99961K [0x00000000a0000000, 0x00000000aa200000, 0x00000000e0000000)
  object space 165888K, 60% used [0x00000000a0000000,0x00000000a619e560,0x00000000aa200000)
 Metaspace       used 127471K, capacity 134192K, committed 134272K, reserved 1165312K
  class space    used 16328K, capacity 17747K, committed 17792K, reserved 1048576K
Event: 4132.781 GC heap after
Heap after GC invocations=31 (full 4):
 PSYoungGen      total 326656K, used 42585K [0x00000000e0000000, 0x00000000f8c00000, 0x0000000100000000)
  eden space 281600K, 0% used [0x00000000e0000000,0x00000000e0000000,0x00000000f1300000)
  from space 45056K, 94% used [0x00000000f1300000,0x00000000f3c96680,0x00000000f3f00000)
  to   space 48640K, 0% used [0x00000000f5c80000,0x00000000f5c80000,0x00000000f8c00000)
 ParOldGen       total 165888K, used 99969K [0x00000000a0000000, 0x00000000aa200000, 0x00000000e0000000)
  object space 165888K, 60% used [0x00000000a0000000,0x00000000a61a0560,0x00000000aa200000)
 Metaspace       used 127471K, capacity 134192K, committed 134272K, reserved 1165312K
  class space    used 16328K, capacity 17747K, committed 17792K, reserved 1048576K
}

