# JRE version: OpenJDK Runtime Environment (8.0_212-b04) (build 1.8.0_212-release-1586-b04)
# Java VM: OpenJDK 64-Bit Server VM (25.212-b04 mixed mode windows-amd64 compressed oops)
Heap:
 PSYoungGen      total 400896K, used 240112K [0x00000000e0000000, 0x0000000100000000, 0x0000000100000000)
  eden space 279552K, 75% used [0x00000000e0000000,0x00000000ecd6d018,0x00000000f1100000)
  from space 121344K, 24% used [0x00000000f8300000,0x00000000fa00f0b0,0x00000000ff980000)
  to   space 116736K, 0% used [0x00000000f1100000,0x00000000f1100000,0x00000000f8300000)
 ParOldGen       total 256000K, used 102465K [0x00000000a0000000, 0x00000000afa00000, 0x00000000e0000000)
  object space 256000K, 40% used [0x00000000a0000000,0x00000000a6410410,0x00000000afa00000)
 Metaspace       used 153230K, capacity 161784K, committed 187432K, reserved 1210368K
  class space    used 19566K, capacity 21172K, committed 26152K, reserved 1048576K
GC Heap History (10 events):
Event: 21164.010 GC heap before
{Heap before GC invocations=49 (full 7):
 PSYoungGen      total 401408K, used 300663K [0x00000000e0000000, 0x0000000100000000, 0x0000000100000000)
  eden space 278528K, 100% used [0x00000000e0000000,0x00000000f1000000,0x00000000f1000000)
  from space 122880K, 18% used [0x00000000f1000000,0x00000000f259de10,0x00000000f8800000)
  to   space 121344K, 0% used [0x00000000f8980000,0x00000000f8980000,0x0000000100000000)
 ParOldGen       total 256000K, used 99933K [0x00000000a0000000, 0x00000000afa00000, 0x00000000e0000000)
  object space 256000K, 39% used [0x00000000a0000000,0x00000000a6197700,0x00000000afa00000)
 Metaspace       used 151345K, capacity 159540K, committed 187432K, reserved 1210368K
  class space    used 19474K, capacity 20996K, committed 26152K, reserved 1048576K
Event: 21164.063 GC heap after
Heap after GC invocations=49 (full 7):
 PSYoungGen      total 392704K, used 30452K [0x00000000e0000000, 0x00000000ff780000, 0x0000000100000000)
  eden space 280064K, 0% used [0x00000000e0000000,0x00000000e0000000,0x00000000f1180000)
  from space 112640K, 27% used [0x00000000f8980000,0x00000000fa73d360,0x00000000ff780000)
  to   space 117760K, 0% used [0x00000000f1180000,0x00000000f1180000,0x00000000f8480000)
 ParOldGen       total 256000K, used 99941K [0x00000000a0000000, 0x00000000afa00000, 0x00000000e0000000)
  object space 256000K, 39% used [0x00000000a0000000,0x00000000a6199700,0x00000000afa00000)
 Metaspace       used 151345K, capacity 159540K, committed 187432K, reserved 1210368K
  class space    used 19474K, capacity 20996K, committed 26152K, reserved 1048576K
}
Event: 21167.096 GC heap before
{Heap before GC invocations=50 (full 7):
 PSYoungGen      total 392704K, used 310516K [0x00000000e0000000, 0x00000000ff780000, 0x0000000100000000)
  eden space 280064K, 100% used [0x00000000e0000000,0x00000000f1180000,0x00000000f1180000)
  from space 112640K, 27% used [0x00000000f8980000,0x00000000fa73d360,0x00000000ff780000)
  to   space 117760K, 0% used [0x00000000f1180000,0x00000000f1180000,0x00000000f8480000)
 ParOldGen       total 256000K, used 99941K [0x00000000a0000000, 0x00000000afa00000, 0x00000000e0000000)
  object space 256000K, 39% used [0x00000000a0000000,0x00000000a6199700,0x00000000afa00000)
 Metaspace       used 152401K, capacity 160650K, committed 187432K, reserved 1210368K
  class space    used 19504K, capacity 21005K, committed 26152K, reserved 1048576K
Event: 21167.743 GC heap after
Heap after GC invocations=50 (full 7):
 PSYoungGen      total 397824K, used 90150K [0x00000000e0000000, 0x0000000100000000, 0x0000000100000000)
  eden space 280064K, 0% used [0x00000000e0000000,0x00000000e0000000,0x00000000f1180000)
  from space 117760K, 76% used [0x00000000f1180000,0x00000000f69898a8,0x00000000f8480000)
  to   space 126464K, 0% used [0x00000000f8480000,0x00000000f8480000,0x0000000100000000)
 ParOldGen       total 256000K, used 99949K [0x00000000a0000000, 0x00000000afa00000, 0x00000000e0000000)
  object space 256000K, 39% used [0x00000000a0000000,0x00000000a619b700,0x00000000afa00000)
 Metaspace       used 152401K, capacity 160650K, committed 187432K, reserved 1210368K
  class space    used 19504K, capacity 21005K, committed 26152K, reserved 1048576K
}
Event: 21270.412 GC heap before
{Heap before GC invocations=51 (full 7):
 PSYoungGen      total 397824K, used 366658K [0x00000000e0000000, 0x0000000100000000, 0x0000000100000000)
  eden space 280064K, 98% used [0x00000000e0000000,0x00000000f0e07120,0x00000000f1180000)
  from space 117760K, 76% used [0x00000000f1180000,0x00000000f69898a8,0x00000000f8480000)
  to   space 126464K, 0% used [0x00000000f8480000,0x00000000f8480000,0x0000000100000000)
 ParOldGen       total 256000K, used 99949K [0x00000000a0000000, 0x00000000afa00000, 0x00000000e0000000)
  object space 256000K, 39% used [0x00000000a0000000,0x00000000a619b700,0x00000000afa00000)
 Metaspace       used 152720K, capacity 160894K, committed 187432K, reserved 1210368K
  class space    used 19512K, capacity 21015K, committed 26152K, reserved 1048576K
Event: 21270.512 GC heap after
Heap after GC invocations=51 (full 7):
 PSYoungGen      total 401408K, used 28099K [0x00000000e0000000, 0x0000000100000000, 0x0000000100000000)
  eden space 274944K, 0% used [0x00000000e0000000,0x00000000e0000000,0x00000000f0c80000)
  from space 126464K, 22% used [0x00000000f8480000,0x00000000f9ff0f88,0x0000000100000000)
  to   space 122880K, 0% used [0x00000000f0c80000,0x00000000f0c80000,0x00000000f8480000)
 ParOldGen       total 256000K, used 99957K [0x00000000a0000000, 0x00000000afa00000, 0x00000000e0000000)
  object space 256000K, 39% used [0x00000000a0000000,0x00000000a619d700,0x00000000afa00000)
 Metaspace       used 152720K, capacity 160894K, committed 187432K, reserved 1210368K
  class space    used 19512K, capacity 21015K, committed 26152K, reserved 1048576K
}
Event: 21271.901 GC heap before
{Heap before GC invocations=52 (full 7):
 PSYoungGen      total 401408K, used 299944K [0x00000000e0000000, 0x0000000100000000, 0x0000000100000000)
  eden space 274944K, 98% used [0x00000000e0000000,0x00000000f09793d8,0x00000000f0c80000)
  from space 126464K, 22% used [0x00000000f8480000,0x00000000f9ff0f88,0x0000000100000000)
  to   space 122880K, 0% used [0x00000000f0c80000,0x00000000f0c80000,0x00000000f8480000)
 ParOldGen       total 256000K, used 99957K [0x00000000a0000000, 0x00000000afa00000, 0x00000000e0000000)
  object space 256000K, 39% used [0x00000000a0000000,0x00000000a619d700,0x00000000afa00000)
 Metaspace       used 152737K, capacity 160914K, committed 187432K, reserved 1210368K
  class space    used 19514K, capacity 21017K, committed 26152K, reserved 1048576K
Event: 21271.933 GC heap after
Heap after GC invocations=52 (full 7):
 PSYoungGen      total 292864K, used 17904K [0x00000000e0000000, 0x00000000ff980000, 0x0000000100000000)
  eden space 274944K, 0% used [0x00000000e0000000,0x00000000e0000000,0x00000000f0c80000)
  from space 17920K, 99% used [0x00000000f0c80000,0x00000000f1dfc3e0,0x00000000f1e00000)
  to   space 121344K, 0% used [0x00000000f8300000,0x00000000f8300000,0x00000000ff980000)
 ParOldGen       total 256000K, used 99957K [0x00000000a0000000, 0x00000000afa00000, 0x00000000e0000000)
  object space 256000K, 39% used [0x00000000a0000000,0x00000000a619d700,0x00000000afa00000)
 Metaspace       used 152737K, capacity 160914K, committed 187432K, reserved 1210368K
  class space    used 19514K, capacity 21017K, committed 26152K, reserved 1048576K
}
Event: 21429.797 GC heap before
{Heap before GC invocations=53 (full 7):
 PSYoungGen      total 292864K, used 292848K [0x00000000e0000000, 0x00000000ff980000, 0x0000000100000000)
  eden space 274944K, 100% used [0x00000000e0000000,0x00000000f0c80000,0x00000000f0c80000)
  from space 17920K, 99% used [0x00000000f0c80000,0x00000000f1dfc3e0,0x00000000f1e00000)
  to   space 121344K, 0% used [0x00000000f8300000,0x00000000f8300000,0x00000000ff980000)
 ParOldGen       total 256000K, used 99957K [0x00000000a0000000, 0x00000000afa00000, 0x00000000e0000000)
  object space 256000K, 39% used [0x00000000a0000000,0x00000000a619d700,0x00000000afa00000)
 Metaspace       used 153067K, capacity 161640K, committed 187432K, reserved 1210368K
  class space    used 19562K, capacity 21134K, committed 26152K, reserved 1048576K
Event: 21429.934 GC heap after
Heap after GC invocations=53 (full 7):
 PSYoungGen      total 400896K, used 29756K [0x00000000e0000000, 0x0000000100000000, 0x0000000100000000)
  eden space 279552K, 0% used [0x00000000e0000000,0x00000000e0000000,0x00000000f1100000)
  from space 121344K, 24% used [0x00000000f8300000,0x00000000fa00f0b0,0x00000000ff980000)
  to   space 116736K, 0% used [0x00000000f1100000,0x00000000f1100000,0x00000000f8300000)
 ParOldGen       total 256000K, used 102465K [0x00000000a0000000, 0x00000000afa00000, 0x00000000e0000000)
  object space 256000K, 40% used [0x00000000a0000000,0x00000000a6410410,0x00000000afa00000)
 Metaspace       used 153067K, capacity 161640K, committed 187432K, reserved 1210368K
  class space    used 19562K, capacity 21134K, committed 26152K, reserved 1048576K
}

